<?xml version="1.0" encoding="UTF-8"?>
<coverage generated="1642810381410" clover="3.2.0">
  <project timestamp="1642810381410" name="All files">
    <metrics statements="4" coveredstatements="4" conditionals="0" coveredconditionals="0" methods="2" coveredmethods="2" elements="6" coveredelements="6" complexity="0" loc="4" ncloc="4" packages="1" files="1" classes="1"/>
    <file name="main.js" path="/home/runner/NodeJS-Jest/src/main.js">
      <metrics statements="4" coveredstatements="4" conditionals="0" coveredconditionals="0" methods="2" coveredmethods="2"/>
      <line num="4" count="1" type="stmt"/>
      <line num="8" count="8" type="stmt"/>
      <line num="12" count="8" type="stmt"/>
      <line num="17" count="1" type="stmt"/>
    </file>
  </project>
</coverage>
